<?xml version="1.0" encoding="UTF-8"?>
<!-- Generated by org.testng.reporters.JUnitReportReporter -->
<testsuite skipped="0" hostname="XIPLRAC037" name="Academy.HomePage" tests="2" failures="0" timestamp="15 Feb 2019 13:58:36 GMT" time="55.068" errors="0">
  <testcase name="basePageNavigation" time="22.586" classname="Academy.HomePage"/>
  <testcase name="basePageNavigation" time="32.482" classname="Academy.HomePage"/>
</testsuite> <!-- Academy.HomePage -->
